无法在清单资源中找到该报表。请创建项目并重试。[2011-2-22 17:15:15]

List:
<code>BasParam</code><action>Down</action>[2011-2-22 17:18:25]

List:
<code>BasParam</code><action>Down</action>[2011-2-22 17:18:25]

List:
<code>Plan</code><action>Down</action><roletype>1</roletype><days>0</days><enableflag>3,4</enableflag>[2011-2-22 17:18:28]

List:
<code>InfPerson</code><action>List</action>[2011-2-22 17:18:30]

TotalCount:
<code>PlanPerson</code><action>TotalCount3</action><planid>26</planid><card_type_code></card_type_code><cardcode></cardcode><pageindex>1</pageindex><pagesize>20</pagesize><pageindex>1</pageindex><pagesize>20</pagesize><personmobile></personmobile><personname></personname>[2011-2-22 17:18:30]

TotalCount:
<code>PlanPerson</code><action>TotalCount2</action><planid>26</planid><pageindex>1</pageindex><pagesize>20</pagesize><personmobile></personmobile><personname></personname><cardcode></cardcode>[2011-2-22 17:18:30]

List:
<code>PlanPerson</code><action>List3</action><planid>26</planid><card_type_code></card_type_code><cardcode></cardcode><pageindex>1</pageindex><pagesize>20</pagesize><pageindex>1</pageindex><pagesize>20</pagesize><personmobile></personmobile><personname></personname>[2011-2-22 17:18:31]

List:
<code>PlanPerson</code><action>List2</action><planid>26</planid><pageindex>1</pageindex><pagesize>20</pagesize><personmobile></personmobile><personname></personname><cardcode></cardcode>[2011-2-22 17:18:31]

List:
<code>InfPerson</code><action>List</action>[2011-2-22 17:18:33]

无法在清单资源中找到该报表。请创建项目并重试。[2011-2-22 17:18:50]

List:
<code>InfPerson</code><action>List</action>[2011-2-22 17:19:00]

List:
<code>BasParam</code><action>Down</action>[2011-2-22 17:56:44]

List:
<code>BasParam</code><action>Down</action>[2011-2-22 17:56:45]

读取系统选项参数出错误！[2011-02-24 20:44:38]

读取系统选项参数出错误！[2011-02-24 20:52:41]

读取系统选项参数出错误！[2011-02-24 20:53:27]

值不能为空。
参数名: type[2011-02-24 20:53:40]

值不能为空。
参数名: type[2011-02-24 20:53:43]

读取系统选项参数出错误！[2011-02-24 21:04:44]

读取系统选项参数出错误！[2011-02-24 21:10:28]

读取系统选项参数出错误！[2011-02-24 22:39:34]

值不能为空。
参数名: type[2011-02-24 22:39:46]

读取系统选项参数出错误！[2011-02-24 22:40:50]

读取系统选项参数出错误！[2011-02-24 22:48:20]

读取系统选项参数出错误！[2011-02-27 14:16:59]

读取系统选项参数出错误！[2011-02-27 14:20:03]

读取系统选项参数出错误！[2011-02-27 14:31:35]

读取系统选项参数出错误！[2011-02-27 14:34:15]

读取系统选项参数出错误！[2011-03-02 22:16:12]

从索引 0 处开始，初始化字符串的格式不符合规范。
[2011-03-02 22:16:24]

从索引 0 处开始，初始化字符串的格式不符合规范。
[2011-03-02 22:17:18]

读取系统选项参数出错误！[2011-03-02 22:17:56]

从索引 0 处开始，初始化字符串的格式不符合规范。
[2011-03-02 22:18:04]

从索引 0 处开始，初始化字符串的格式不符合规范。
[2011-03-02 22:18:39]

从索引 0 处开始，初始化字符串的格式不符合规范。
[2011-03-02 22:20:01]

读取系统选项参数出错误！[2011-03-02 22:22:03]

从索引 0 处开始，初始化字符串的格式不符合规范。
[2011-03-02 22:22:09]

读取系统选项参数出错误！[2011-03-02 22:23:36]

从索引 0 处开始，初始化字符串的格式不符合规范。
[2011-03-02 22:23:41]

从索引 0 处开始，初始化字符串的格式不符合规范。
[2011-03-02 22:25:16]

读取系统选项参数出错误！[2011-03-02 22:29:16]

读取系统选项参数出错误！[2011-03-02 22:31:51]

读取系统选项参数出错误！[2011-03-02 22:35:15]

读取系统选项参数出错误！[2011-03-02 22:36:45]

读取系统选项参数出错误！[2011-03-02 22:37:29]

未将对象引用设置到对象的实例。
[2011-03-02 22:47:53]

读取系统选项参数出错误！[2011-03-02 23:21:55]

读取系统选项参数出错误！[2011-03-02 23:47:22]

读取系统选项参数出错误！[2011-03-02 23:57:05]

调用的目标发生了异常。[2011-03-02 23:57:15]

调用的目标发生了异常。[2011-03-02 23:57:19]

调用的目标发生了异常。[2011-03-02 23:58:04]

读取系统选项参数出错误！[2011-03-03 0:00:00]

调用的目标发生了异常。[2011-03-03 0:00:03]

读取系统选项参数出错误！[2011-03-03 0:02:48]

调用的目标发生了异常。[2011-03-03 0:02:50]

读取系统选项参数出错误！[2011-03-03 0:05:34]

读取系统选项参数出错误！[2011-03-03 0:18:55]

读取系统选项参数出错误！[2011-03-03 20:42:31]

读取系统选项参数出错误！[2011-03-03 20:45:41]

读取系统选项参数出错误！[2011-03-03 20:52:58]

读取系统选项参数出错误！[2011-03-03 20:56:52]

读取系统选项参数出错误！[2011-03-03 21:16:41]

读取系统选项参数出错误！[2011-03-03 21:18:18]

读取系统选项参数出错误！[2011-03-03 21:19:32]

读取系统选项参数出错误！[2011-03-03 21:21:18]

读取系统选项参数出错误！[2011-03-03 22:04:35]

读取系统选项参数出错误！[2011-03-03 22:07:34]

读取系统选项参数出错误！[2011-03-03 22:20:42]

调用的目标发生了异常。[2011-03-03 22:20:44]

读取系统选项参数出错误！[2011-03-03 22:26:00]

读取系统选项参数出错误！[2011-03-03 22:27:14]

调用的目标发生了异常。[2011-03-03 22:27:17]

读取系统选项参数出错误！[2011-03-03 22:30:45]

读取系统选项参数出错误！[2011-03-03 22:33:10]

读取系统选项参数出错误！[2011-03-03 22:47:41]

读取系统选项参数出错误！[2011-03-03 23:00:00]

读取系统选项参数出错误！[2011-03-03 23:12:44]

未将对象引用设置到对象的实例。
[2011-03-03 23:23:08]

读取系统选项参数出错误！[2011-03-04 20:41:15]

读取系统选项参数出错误！[2011-03-05 1:57:04]

调用的目标发生了异常。[2011-03-05 1:57:23]

调用的目标发生了异常。[2011-03-05 1:57:47]

调用的目标发生了异常。[2011-03-05 1:58:08]

调用的目标发生了异常。[2011-03-05 1:58:39]

读取系统选项参数出错误！[2011-03-05 1:59:47]

读取系统选项参数出错误！[2011-03-05 2:01:58]

读取系统选项参数出错误！[2011-03-05 11:11:50]

读取系统选项参数出错误！[2011-03-05 11:19:54]

读取系统选项参数出错误！[2011-03-05 11:39:16]

调用的目标发生了异常。[2011-03-05 11:39:19]

调用的目标发生了异常。[2011-03-05 11:39:24]

调用的目标发生了异常。[2011-03-05 11:41:46]

读取系统选项参数出错误！[2011-03-05 11:42:34]

读取系统选项参数出错误！[2011-03-05 11:44:33]

读取系统选项参数出错误！[2011-03-05 12:04:42]

读取系统选项参数出错误！[2011-03-05 12:06:31]

读取系统选项参数出错误！[2011-03-05 12:10:49]

值不能为空。
参数名: type[2011-03-05 12:10:52]

读取系统选项参数出错误！[2011-03-05 12:14:36]

读取系统选项参数出错误！[2011-03-05 12:17:03]

读取系统选项参数出错误！[2011-03-05 12:18:49]

读取系统选项参数出错误！[2011-03-05 12:21:53]

读取系统选项参数出错误！[2011-03-05 12:26:44]

未将对象引用设置到对象的实例。
[2011-03-05 12:47:09]

读取系统选项参数出错误！[2011-03-05 14:06:07]

读取系统选项参数出错误！[2011-03-05 14:19:03]

读取系统选项参数出错误！[2011-03-05 14:29:21]

读取系统选项参数出错误！[2011-03-05 14:59:30]

读取系统选项参数出错误！[2011-03-05 15:08:48]

读取系统选项参数出错误！[2011-03-05 15:12:10]

读取系统选项参数出错误！[2011-03-05 15:24:11]

读取系统选项参数出错误！[2011-03-06 12:26:28]

读取系统选项参数出错误！[2011-03-06 12:38:58]

ORDER BY 子句语法错误。
[2011-03-06 12:39:08]

读取系统选项参数出错误！[2011-03-06 12:39:45]

读取系统选项参数出错误！[2011-03-06 12:46:44]

读取系统选项参数出错误！[2011-03-06 12:47:26]

读取系统选项参数出错误！[2011-03-06 12:54:10]

读取系统选项参数出错误！[2011-03-06 12:55:21]

读取系统选项参数出错误！[2011-03-06 22:40:01]

未将对象引用设置到对象的实例。
[2011-03-06 22:50:25]

读取系统选项参数出错误！[2011-03-06 23:57:08]

读取系统选项参数出错误！[2011-03-07 0:00:12]

读取系统选项参数出错误！[2011-03-07 20:42:23]

读取系统选项参数出错误！[2011-03-07 20:47:48]

值不能为空。
参数名: type[2011-03-07 20:48:28]

值不能为空。
参数名: type[2011-03-07 20:48:30]

值不能为空。
参数名: type[2011-03-07 20:49:56]

读取系统选项参数出错误！[2011-03-07 21:15:27]

表达式中 'convert' 函数未定义。
[2011-03-07 21:15:46]

读取系统选项参数出错误！[2011-03-07 21:29:00]

标准表达式中数据类型不匹配。
[2011-03-07 21:29:08]

读取系统选项参数出错误！[2011-03-07 21:31:06]

标准表达式中数据类型不匹配。
[2011-03-07 21:32:55]

读取系统选项参数出错误！[2011-03-07 21:37:19]

未将对象引用设置到对象的实例。
[2011-03-07 21:47:42]

读取系统选项参数出错误！[2011-03-07 21:50:56]

试图执行的查询中不包含作为合计函数一部分的特定表达式 'pay_date' 。
[2011-03-07 21:51:07]

读取系统选项参数出错误！[2011-03-07 21:53:23]

试图执行的查询中不包含作为合计函数一部分的特定表达式 'pay_date' 。
[2011-03-07 21:53:32]

试图执行的查询中不包含作为合计函数一部分的特定表达式 'pay_date' 。
[2011-03-07 21:54:07]

试图执行的查询中不包含作为合计函数一部分的特定表达式 'pay_date' 。
[2011-03-07 21:55:26]

读取系统选项参数出错误！[2011-03-07 22:04:11]

试图执行的查询中不包含作为合计函数一部分的特定表达式 'pay_date' 。
[2011-03-07 22:04:15]

读取系统选项参数出错误！[2011-03-07 22:05:15]

至少一个参数没有被指定值。
[2011-03-07 22:05:20]

读取系统选项参数出错误！[2011-03-07 22:05:59]

读取系统选项参数出错误！[2011-03-07 22:08:28]

至少一个参数没有被指定值。
[2011-03-07 22:08:39]

读取系统选项参数出错误！[2011-03-07 22:09:34]

至少一个参数没有被指定值。
[2011-03-07 22:09:37]

读取系统选项参数出错误！[2011-03-07 22:12:32]

读取系统选项参数出错误！[2011-03-08 21:11:17]

读取系统选项参数出错误！[2011-03-08 21:46:06]

调用的目标发生了异常。[2011-03-08 21:46:13]

读取系统选项参数出错误！[2011-03-08 21:47:17]

FROM 子句语法错误。
[2011-03-08 21:47:25]

读取系统选项参数出错误！[2011-03-08 21:51:47]

读取系统选项参数出错误！[2011-03-21 1:10:18]

读取系统选项参数出错误！[2011-03-21 1:16:01]

读取系统选项参数出错误！[2011-03-21 1:19:47]

读取系统选项参数出错误！[2011-03-24 0:13:37]

读取系统选项参数出错误！[2011-04-24 21:31:14]

读取系统选项参数出错误！[2011-04-24 21:39:06]

未将对象引用设置到对象的实例。
[2011-04-24 21:49:09]

值不能为 null。
参数名: type[2011-04-24 22:11:02]

读取系统选项参数出错误！[2011-04-24 22:16:00]

读取系统选项参数出错误！[2011-04-24 22:17:48]

值不能为 null。
参数名: type[2011-04-24 22:17:58]

值不能为 null。
参数名: type[2011-04-24 22:18:03]

读取系统选项参数出错误！[2011-04-24 23:19:47]

值不能为 null。
参数名: type[2011-04-24 23:22:11]

读取系统选项参数出错误！[2011-04-24 23:27:04]

值不能为 null。参数名: type[2011-04-24 23:27:12]

读取系统选项参数出错误！[2011-04-24 23:33:04]

值不能为 null。
参数名: type[2011-04-24 23:33:13]

读取系统选项参数出错误！[2011-04-24 23:34:09]

值不能为 null。
参数名: type[2011-04-24 23:34:17]

读取系统选项参数出错误！[2011-04-25 0:04:18]

值不能为 null。
参数名: type[2011-04-25 0:04:21]

读取系统选项参数出错误！[2011-04-25 0:47:22]

读取系统选项参数出错误！[2011-04-25 19:31:38]

读取系统选项参数出错误！[2011-07-20 0:28:49]

读取系统选项参数出错误！[2011-07-20 0:36:48]

读取系统选项参数出错误！[2011-07-20 0:54:06]

读取系统选项参数出错误！[2011-07-20 1:03:17]

读取系统选项参数出错误！[2011-07-20 1:26:06]

值不能为 null。
参数名: type[2011-07-20 1:26:22]

读取系统选项参数出错误！[2011-07-20 20:37:24]

读取系统选项参数出错误！[2011-07-20 20:46:41]

读取系统选项参数出错误！[2011-07-20 20:59:46]

值不能为 null。
参数名: assemblyString[2011-07-20 21:00:41]

读取系统选项参数出错误！[2011-07-20 21:03:12]

值不能为 null。
参数名: assemblyString[2011-07-20 21:03:47]

读取系统选项参数出错误！[2011-07-20 21:05:20]

读取系统选项参数出错误！[2011-07-20 21:08:23]

读取系统选项参数出错误！[2011-07-20 21:08:34]

读取系统选项参数出错误！[2011-07-21 0:12:38]

读取系统选项参数出错误！[2011-07-21 0:20:39]

列“orgid”不属于表 Table。[2011-07-21 23:36:38]

读取系统选项参数出错误！[2011-07-21 23:38:03]

读取系统选项参数出错误！[2011-07-21 23:44:25]

读取系统选项参数出错误！[2011-07-22 0:43:54]

读取系统选项参数出错误！[2011-07-22 0:57:47]

读取系统选项参数出错误！[2011-07-23 13:11:01]

读取系统选项参数出错误！[2011-07-23 13:11:40]

读取系统选项参数出错误！[2011-07-23 13:24:44]

读取系统选项参数出错误！[2011-07-23 13:37:03]

读取系统选项参数出错误！[2011-07-23 13:37:43]

值不能为 null。
参数名: assemblyString[2011-07-29 22:48:58]

值不能为 null。
参数名: assemblyString[2011-07-29 22:49:01]

读取系统选项参数出错误！[2011-07-29 22:54:02]

读取系统选项参数出错误！[2011-07-29 22:59:06]

读取系统选项参数出错误！[2011-07-29 23:00:45]

读取系统选项参数出错误！[2011-07-29 23:57:04]

读取系统选项参数出错误！[2011-07-29 23:57:31]

读取系统选项参数出错误！[2011-07-30 0:32:37]

值不能为 null。
参数名: type[2011-07-30 0:33:03]

读取系统选项参数出错误！[2011-07-30 0:33:13]

'E:\Project\抽象工厂模式架构Vs2010\数据库\Data\data.mdb'不是一个有效的路径。 确定路径名称拼写是否正确，以及是否连接到文件存放的服务器。[2011-8-8 17:56:38]

读取系统选项参数出错误！[2011-8-8 18:02:16]

读取系统选项参数出错误！[2011-8-8 18:10:15]

测试连接（System.Data.OleDb；Provider=Microsoft.Jet.OLEDB.4.0;User ID=;Password=;Data Source=D:\学习\C#\参考资料\source\AgileDevelop51program\数据库\Data\data.mdb;）错误：未在本地计算机上注册“Microsoft.Jet.OLEDB.4.0”提供程序。[2013/2/26 22:44:46]

测试连接（System.Data.OleDb；Provider=Microsoft.Jet.OLEDB.4.0;User ID=1;Password=;Data Source=D:\学习\C#\参考资料\source\AgileDevelop51program\数据库\Data\data.mdb;）错误：未在本地计算机上注册“Microsoft.Jet.OLEDB.4.0”提供程序。[2013/2/26 22:44:54]

测试连接（System.Data.OleDb；Provider=Microsoft.Jet.OLEDB.4.0;User ID=;Password=;Data Source=D:\学习\C#\参考资料\source\AgileDevelop51program\数据库\Data\data.mdb;）错误：未在本地计算机上注册“Microsoft.Jet.OLEDB.4.0”提供程序。[2013/2/26 22:45:00]

测试连接（System.Data.OleDb；Provider=Microsoft.Jet.OLEDB.4.0;User ID=12;Password=;Data Source=D:\学习\C#\参考资料\source\AgileDevelop51program\数据库\Data\data.mdb;）错误：未在本地计算机上注册“Microsoft.Jet.OLEDB.4.0”提供程序。[2013/2/26 22:45:38]

测试连接（System.Data.OleDb；Provider=Microsoft.Jet.OLEDB.4.0;User ID=admin;Password=;Data Source=D:\学习\C#\参考资料\source\AgileDevelop51program\数据库\Data\data.mdb;）错误：未在本地计算机上注册“Microsoft.Jet.OLEDB.4.0”提供程序。[2013/2/26 22:47:15]

测试连接（System.Data.OleDb；Provider=Microsoft.Jet.OLEDB.4.0;User ID=admin;Password=;Data Source=D:\学习\C#\参考资料\source\AgileDevelop51program\数据库\Data\data.mdb;）错误：未在本地计算机上注册“Microsoft.Jet.OLEDB.4.0”提供程序。[2013/2/26 22:52:33]

测试连接（System.Data.OleDb；Provider=Microsoft.Jet.OLEDB.4.0;User ID=;Password=;Data Source=D:\学习\C#\参考资料\source\AgileDevelop51program\数据库\Data\data.mdb;）错误：未在本地计算机上注册“Microsoft.Jet.OLEDB.4.0”提供程序。[2013/2/26 22:54:24]

测试连接（System.Data.OleDb；Provider=Microsoft.Jet.OLEDB.4.0;User ID=admin;Password=123456;Data Source=D:\学习\C#\参考资料\source\AgileDevelop51program\数据库\Data\data.mdb;）错误：未在本地计算机上注册“Microsoft.Jet.OLEDB.4.0”提供程序。[2013/2/26 22:55:31]

测试连接（System.Data.OleDb；Provider=Microsoft.Jet.OLEDB.4.0;User ID=admin;Password=123456;Data Source=D:\学习\C#\参考资料\source\AgileDevelop51program\数据库\Data\data.mdb;）错误：未在本地计算机上注册“Microsoft.Jet.OLEDB.4.0”提供程序。[2013/2/26 22:55:32]

测试连接（System.Data.OleDb；Provider=Microsoft.Jet.OLEDB.4.0;User ID=admin;Password=123456;Data Source=D:\学习\C#\参考资料\source\AgileDevelop51program\数据库\Data\data.mdb;）错误：未在本地计算机上注册“Microsoft.Jet.OLEDB.4.0”提供程序。[2013/2/26 23:00:43]

测试连接（System.Data.OleDb；Provider=Microsoft.Jet.OLEDB.4.0;User ID=admin;Password=123456;Data Source=D:\学习\C#\参考资料\source\AgileDevelop51program\数据库\Data\data.mdb;）错误：未在本地计算机上注册“Microsoft.Jet.OLEDB.4.0”提供程序。[2013/2/27 21:01:37]

测试连接（System.Data.OleDb；Provider=Microsoft.Jet.OLEDB.4.0;User ID=admin;Password=123456;Data Source=D:\学习\C#\参考资料\source\AgileDevelop51program\数据库\Data\data.mdb;）错误：未在本地计算机上注册“Microsoft.Jet.OLEDB.4.0”提供程序。[2013/2/27 21:03:20]

测试连接（System.Data.OleDb；Provider=Microsoft.Jet.OLEDB.4.0;User ID=admin;Password=123456;Data Source=D:\学习\C#\参考资料\source\AgileDevelop51program\数据库\Data\data.mdb;）错误：未在本地计算机上注册“Microsoft.Jet.OLEDB.4.0”提供程序。[2013/2/27 21:03:29]

测试连接（System.Data.OleDb；Provider=Microsoft.Jet.OLEDB.4.0;User ID=;Password=;Data Source=D:\学习\C#\工程项目\My_Monitor\数据库\Data\data.mdb;）错误：未在本地计算机上注册“Microsoft.Jet.OLEDB.4.0”提供程序。[2013/3/6 22:20:36]

测试连接（System.Data.OleDb；Provider=Microsoft.Jet.OLEDB.4.0;User ID=;Password=;Data Source=D:\学习\C#\工程项目\My_Monitor\数据库\Data\data.mdb;）错误：未在本地计算机上注册“Microsoft.Jet.OLEDB.4.0”提供程序。[2013/3/6 22:21:14]

测试连接（System.Data.OleDb；Provider=Microsoft.Jet.OLEDB.4.0;User ID=;Password=;Data Source=D:\学习\C#\工程项目\My_Monitor\数据库\Data\data.mdb;）错误：未在本地计算机上注册“Microsoft.Jet.OLEDB.4.0”提供程序。[2013/3/6 22:21:17]

测试连接（System.Data.OleDb；Provider=Microsoft.Jet.OLEDB.4.0;User ID=;Password=;Data Source=D:\学习\C#\工程项目\My_Monitor\数据库\Data\data.mdb;）错误：未在本地计算机上注册“Microsoft.Jet.OLEDB.4.0”提供程序。[2013/3/6 22:21:29]

测试连接（System.Data.OleDb；Provider=Microsoft.Jet.OLEDB.4.0;User ID=;Password=;Data Source=D:\学习\C#\工程项目\My_Monitor\数据库\Data\data.mdb;）错误：未在本地计算机上注册“Microsoft.Jet.OLEDB.4.0”提供程序。[2013/3/6 22:21:50]

测试连接（System.Data.OleDb；Provider=Microsoft.Jet.OLEDB.4.0;User ID=admin;Password=;Data Source=D:\学习\C#\工程项目\My_Monitor\数据库\Data\data.mdb;）错误：未在本地计算机上注册“Microsoft.Jet.OLEDB.4.0”提供程序。[2013/3/6 22:21:56]

测试连接（System.Data.OleDb；Provider=Microsoft.Jet.OLEDB.4.0;User ID=admin;Password=123456;Data Source=D:\学习\C#\工程项目\My_Monitor\数据库\Data\data.mdb;）错误：无法启动应用程序。工作组信息文件丢失，或是已被其它用户以独占方式打开。[2013/3/6 23:26:07]

读取系统选项参数出错误！[2013/3/7 0:29:13]

读取系统选项参数出错误！[2013/3/7 21:59:33]

读取系统选项参数出错误！[2013/3/7 22:01:51]

读取系统选项参数出错误！[2013/3/7 22:15:53]

读取系统选项参数出错误！[2013/3/7 22:19:19]

读取系统选项参数出错误！[2013/3/7 22:41:23]

读取系统选项参数出错误！[2013/3/7 22:57:54]

读取系统选项参数出错误！[2013/3/16 19:12:22]

读取系统选项参数出错误！[2013/3/16 19:16:04]

读取系统选项参数出错误！[2013/3/16 19:19:30]

读取系统选项参数出错误！[2013/5/12 0:40:24]

读取系统选项参数出错误！[2013/5/12 9:51:57]

读取系统选项参数出错误！[2013/5/12 10:02:12]

读取系统选项参数出错误！[2013/5/12 10:23:47]

未将对象引用设置到对象的实例。
[2013/5/12 10:33:37]

读取系统选项参数出错误！[2013/5/12 10:37:35]

读取系统选项参数出错误！[2013/5/12 10:38:57]

读取系统选项参数出错误！[2013/5/12 11:48:49]

读取系统选项参数出错误！[2013/5/12 11:50:55]

读取系统选项参数出错误！[2013/5/12 12:06:25]

读取系统选项参数出错误！[2013/5/12 12:08:41]

读取系统选项参数出错误！[2013/5/12 12:12:05]

读取系统选项参数出错误！[2013/5/12 12:17:10]

读取系统选项参数出错误！[2013/5/12 12:33:47]

读取系统选项参数出错误！[2013/5/12 12:58:53]

未将对象引用设置到对象的实例。
[2013/5/12 13:08:43]

读取系统选项参数出错误！[2013/5/12 13:42:31]

读取系统选项参数出错误！[2013/5/12 14:50:16]

读取系统选项参数出错误！[2013/5/12 14:50:50]

读取系统选项参数出错误！[2013/5/12 14:52:25]

读取系统选项参数出错误！[2013/5/12 14:54:55]

值不能为 null。
参数名: providerInvariantName[2013/5/12 14:57:45]

值不能为 null。
参数名: providerInvariantName[2013/5/12 14:57:48]

读取系统选项参数出错误！[2013/5/12 14:59:56]

读取系统选项参数出错误！[2013/5/12 15:00:47]

读取系统选项参数出错误！[2013/5/12 15:01:34]

读取系统选项参数出错误！[2013/5/12 15:04:19]

读取系统选项参数出错误！[2013/5/12 15:06:58]

读取系统选项参数出错误！[2013/5/12 15:09:18]

读取系统选项参数出错误！[2013/5/12 15:10:13]

读取系统选项参数出错误！[2013/5/12 15:10:50]

读取系统选项参数出错误！[2013/5/12 15:11:36]

'D:\学习\C#\工程项目\My_Monitor\数据库\Data\data.mdb'不是一个有效的路径。 确定路径名称拼写是否正确，以及是否连接到文件存放的服务器。[2013/5/12 15:13:12]

'D:\学习\C#\工程项目\My_Monitor\数据库\Data\data.mdb'不是一个有效的路径。 确定路径名称拼写是否正确，以及是否连接到文件存放的服务器。[2013/5/12 15:19:34]

读取系统选项参数出错误！[2013/5/12 15:25:12]

'D:\学习\C#\最终版\AgileDevelop\数据库\Data\data.mdb'不是一个有效的路径。 确定路径名称拼写是否正确，以及是否连接到文件存放的服务器。[2013/5/12 17:14:00]

读取系统选项参数出错误！[2013/5/12 17:24:03]

Object reference not set to an instance of an object.
[2013/5/12 17:32:42]

'C:\Users\break\Desktop\AgileDevelop\数据库\Data\data.mdb'不是一个有效的路径。 确定路径名称拼写是否正确，以及是否连接到文件存放的服务器。[2013/5/13 23:02:33]

'C:\Users\break\Desktop\AgileDevelop\数据库\Data\data.mdb'不是一个有效的路径。 确定路径名称拼写是否正确，以及是否连接到文件存放的服务器。[2013/5/13 23:05:44]

读取系统选项参数出错误！[2013/5/13 23:06:28]

读取系统选项参数出错误！[2013/5/13 23:30:53]

读取系统选项参数出错误！[2013/5/17 23:45:19]

读取系统选项参数出错误！[2013/5/17 23:51:00]

读取系统选项参数出错误！[2013/5/17 23:56:18]

读取系统选项参数出错误！[2013/5/17 23:57:15]

读取系统选项参数出错误！[2013/5/18 0:02:19]

读取系统选项参数出错误！[2013/5/18 0:05:55]

读取系统选项参数出错误！[2013/5/18 0:08:43]

读取系统选项参数出错误！[2013/5/18 0:09:52]

读取系统选项参数出错误！[2013/5/18 0:14:04]

读取系统选项参数出错误！[2013/5/18 0:19:11]

读取系统选项参数出错误！[2013/5/18 9:13:39]

读取系统选项参数出错误！[2013/5/18 9:15:31]

读取系统选项参数出错误！[2013/5/18 9:17:46]

读取系统选项参数出错误！[2013/5/18 9:30:50]

读取系统选项参数出错误！[2013/5/18 9:35:30]

读取系统选项参数出错误！[2013/5/18 9:42:39]

读取系统选项参数出错误！[2013/5/18 9:46:38]

读取系统选项参数出错误！[2013/5/18 9:48:04]

